<?xml version="1.0" encoding="UTF-8"?>
<!-- Generated by org.testng.reporters.JUnitXMLReporter -->
<testsuite ignored="0" hostname="LRIN-QA-08" failures="1" tests="2" name="Test" time="125.006" errors="0" timestamp="2020-09-26T20:18:46 IST">
  <testcase classname="testCases.Scenario1" name="Flipkart" time="71.944"/>
  <testcase classname="testCases.Scenario2" name="Flipkart" time="110.351">
    <failure type="java.lang.IndexOutOfBoundsException" message="Index 2 out of bounds for length 2">
      <![CDATA[java.lang.IndexOutOfBoundsException: Index 2 out of bounds for length 2
at java.base/jdk.internal.util.Preconditions.outOfBounds(Preconditions.java:64)
at java.base/jdk.internal.util.Preconditions.outOfBoundsCheckIndex(Preconditions.java:70)
at java.base/jdk.internal.util.Preconditions.checkIndex(Preconditions.java:248)
at java.base/java.util.Objects.checkIndex(Objects.java:373)
at java.base/java.util.ArrayList.get(ArrayList.java:425)
at testCases.Scenario2.Flipkart(Scenario2.java:76)
at java.base/java.util.concurrent.ThreadPoolExecutor.runWorker(ThreadPoolExecutor.java:1128)
at java.base/java.util.concurrent.ThreadPoolExecutor$Worker.run(ThreadPoolExecutor.java:628)
at java.base/java.lang.Thread.run(Thread.java:830)
... Removed 12 stack frames]]>
    </failure>
  </testcase> <!-- Flipkart -->
</testsuite> <!-- Test -->
