<?xml version="1.0" encoding="UTF-8"?>
<testng-results ignored="0" total="1" passed="1" failed="0" skipped="0">
  <reporter-output>
  </reporter-output>
  <suite started-at="2020-09-27T13:30:01 IST" name="Default suite" finished-at="2020-09-27T13:30:48 IST" duration-ms="46794">
    <groups>
    </groups>
    <test started-at="2020-09-27T13:30:01 IST" name="Default test" finished-at="2020-09-27T13:30:48 IST" duration-ms="46794">
      <class name="testCases.Scenario2">
        <test-method is-config="true" signature="openBrowser()[pri:0, instance:testCases.Scenario2@6973bf95]" started-at="2020-09-27T13:30:01 IST" name="openBrowser" finished-at="2020-09-27T13:30:08 IST" duration-ms="6926" status="PASS">
          <reporter-output>
          </reporter-output>
        </test-method> <!-- openBrowser -->
        <test-method signature="Flipkart()[pri:0, instance:testCases.Scenario2@6973bf95]" started-at="2020-09-27T13:30:08 IST" name="Flipkart" finished-at="2020-09-27T13:30:47 IST" duration-ms="38950" status="PASS">
          <reporter-output>
          </reporter-output>
        </test-method> <!-- Flipkart -->
        <test-method is-config="true" signature="closeBrowser()[pri:0, instance:testCases.Scenario2@6973bf95]" started-at="2020-09-27T13:30:47 IST" name="closeBrowser" finished-at="2020-09-27T13:30:48 IST" duration-ms="849" status="PASS">
          <reporter-output>
          </reporter-output>
        </test-method> <!-- closeBrowser -->
      </class> <!-- testCases.Scenario2 -->
    </test> <!-- Default test -->
  </suite> <!-- Default suite -->
</testng-results>
