<?xml version="1.0" encoding="UTF-8"?>
<testng-results ignored="0" total="2" passed="2" failed="0" skipped="0">
  <reporter-output>
  </reporter-output>
  <suite started-at="2020-09-23T16:58:47 IST" name="Suite" finished-at="2020-09-23T16:59:59 IST" duration-ms="71846">
    <groups>
    </groups>
    <test started-at="2020-09-23T16:58:47 IST" name="Test" finished-at="2020-09-23T16:59:59 IST" duration-ms="71846">
      <class name="testCases.Scenario2">
        <test-method is-config="true" signature="openBrowser()[pri:0, instance:testCases.Scenario2@2ddc8ecb]" started-at="2020-09-23T16:58:54 IST" name="openBrowser" finished-at="2020-09-23T16:58:59 IST" duration-ms="5823" status="PASS">
          <reporter-output>
          </reporter-output>
        </test-method> <!-- openBrowser -->
        <test-method signature="Flipkart()[pri:0, instance:testCases.Scenario2@2ddc8ecb]" started-at="2020-09-23T16:58:59 IST" name="Flipkart" finished-at="2020-09-23T16:59:57 IST" duration-ms="57255" status="PASS">
          <reporter-output>
          </reporter-output>
        </test-method> <!-- Flipkart -->
        <test-method is-config="true" signature="closeBrowser()[pri:0, instance:testCases.Scenario2@2ddc8ecb]" started-at="2020-09-23T16:59:58 IST" name="closeBrowser" finished-at="2020-09-23T16:59:59 IST" duration-ms="933" status="PASS">
          <reporter-output>
          </reporter-output>
        </test-method> <!-- closeBrowser -->
      </class> <!-- testCases.Scenario2 -->
      <class name="testCases.Scenario1">
        <test-method is-config="true" signature="openBrowser()[pri:0, instance:testCases.Scenario1@229d10bd]" started-at="2020-09-23T16:58:47 IST" name="openBrowser" finished-at="2020-09-23T16:58:54 IST" duration-ms="6890" status="PASS">
          <reporter-output>
          </reporter-output>
        </test-method> <!-- openBrowser -->
        <test-method signature="Flipkart()[pri:0, instance:testCases.Scenario1@229d10bd]" started-at="2020-09-23T16:58:59 IST" name="Flipkart" finished-at="2020-09-23T16:59:37 IST" duration-ms="37464" status="PASS">
          <reporter-output>
          </reporter-output>
        </test-method> <!-- Flipkart -->
        <test-method is-config="true" signature="closeBrowser()[pri:0, instance:testCases.Scenario1@229d10bd]" started-at="2020-09-23T16:59:57 IST" name="closeBrowser" finished-at="2020-09-23T16:59:58 IST" duration-ms="897" status="PASS">
          <reporter-output>
          </reporter-output>
        </test-method> <!-- closeBrowser -->
      </class> <!-- testCases.Scenario1 -->
    </test> <!-- Test -->
  </suite> <!-- Suite -->
</testng-results>
